#! /usr/bin/vvp
:ivl_version "10.3 (stable)";
:ivl_delay_selection "TYPICAL";
:vpi_time_precision - 12;
:vpi_module "system";
:vpi_module "vhdl_sys";
:vpi_module "v2005_math";
:vpi_module "va_math";
S_0x559ba5ea0170 .scope module, "top_level_tb" "top_level_tb" 2 4;
 .timescale -8 -12;
v0x559ba5ef25e0_0 .var "clk", 0 0;
v0x559ba5ef26d0_0 .var "rst", 0 0;
v0x559ba5ef27e0_0 .net "seg_count", 6 0, v0x559ba5ef2120_0;  1 drivers
S_0x559ba5ea02f0 .scope module, "uut" "top_level" 2 9, 3 5 0, S_0x559ba5ea0170;
 .timescale -8 -12;
    .port_info 0 /INPUT 1 "clk"
    .port_info 1 /INPUT 1 "rst_btn"
    .port_info 2 /OUTPUT 7 "seg_count"
v0x559ba5ef2240_0 .net "clk", 0 0, v0x559ba5ef25e0_0;  1 drivers
v0x559ba5ef2310_0 .net "out_clk", 3 0, v0x559ba5ef1af0_0;  1 drivers
v0x559ba5ef2400_0 .net "rst_btn", 0 0, v0x559ba5ef26d0_0;  1 drivers
v0x559ba5ef24d0_0 .net "seg_count", 6 0, v0x559ba5ef2120_0;  alias, 1 drivers
S_0x559ba5edb5e0 .scope module, "inst1" "frequency_divider" 3 14, 4 1 0, S_0x559ba5ea02f0;
 .timescale -8 -12;
    .port_info 0 /INPUT 1 "clk"
    .port_info 1 /INPUT 1 "rst_btn"
    .port_info 2 /OUTPUT 4 "out_clk"
P_0x559ba5edb7b0 .param/l "max_count" 1 4 12, C4<00000000101101110001101011111111>;
L_0x559ba5ed5d20 .functor NOT 1, v0x559ba5ef26d0_0, C4<0>, C4<0>, C4<0>;
v0x559ba5edb8a0_0 .net "clk", 0 0, v0x559ba5ef25e0_0;  alias, 1 drivers
v0x559ba5ef1a10_0 .var "count", 31 0;
v0x559ba5ef1af0_0 .var "out_clk", 3 0;
v0x559ba5ef1be0_0 .net "rst", 0 0, L_0x559ba5ed5d20;  1 drivers
v0x559ba5ef1ca0_0 .net "rst_btn", 0 0, v0x559ba5ef26d0_0;  alias, 1 drivers
E_0x559ba5ed55a0 .event posedge, v0x559ba5ef1be0_0, v0x559ba5edb8a0_0;
S_0x559ba5ef1e30 .scope module, "inst2" "decod_bcd" 3 15, 5 1 0, S_0x559ba5ea02f0;
 .timescale -8 -12;
    .port_info 0 /INPUT 4 "count"
    .port_info 1 /OUTPUT 7 "seg_count"
v0x559ba5ef2040_0 .net "count", 3 0, v0x559ba5ef1af0_0;  alias, 1 drivers
v0x559ba5ef2120_0 .var "seg_count", 6 0;
E_0x559ba5ea0930 .event edge, v0x559ba5ef1af0_0;
    .scope S_0x559ba5edb5e0;
T_0 ;
    %wait E_0x559ba5ed55a0;
    %load/vec4 v0x559ba5ef1be0_0;
    %flag_set/vec4 8;
    %jmp/0xz  T_0.0, 8;
    %pushi/vec4 0, 0, 4;
    %assign/vec4 v0x559ba5ef1af0_0, 0;
    %pushi/vec4 0, 0, 32;
    %assign/vec4 v0x559ba5ef1a10_0, 0;
    %jmp T_0.1;
T_0.0 ;
    %load/vec4 v0x559ba5ef1a10_0;
    %cmpi/e 11999999, 0, 32;
    %jmp/0xz  T_0.2, 4;
    %pushi/vec4 0, 0, 32;
    %assign/vec4 v0x559ba5ef1a10_0, 0;
    %load/vec4 v0x559ba5ef1af0_0;
    %addi 1, 0, 4;
    %assign/vec4 v0x559ba5ef1af0_0, 0;
    %jmp T_0.3;
T_0.2 ;
    %load/vec4 v0x559ba5ef1a10_0;
    %addi 1, 0, 32;
    %assign/vec4 v0x559ba5ef1a10_0, 0;
T_0.3 ;
T_0.1 ;
    %jmp T_0;
    .thread T_0;
    .scope S_0x559ba5ef1e30;
T_1 ;
    %wait E_0x559ba5ea0930;
    %load/vec4 v0x559ba5ef2040_0;
    %dup/vec4;
    %pushi/vec4 0, 0, 4;
    %cmp/u;
    %jmp/1 T_1.0, 6;
    %dup/vec4;
    %pushi/vec4 1, 0, 4;
    %cmp/u;
    %jmp/1 T_1.1, 6;
    %dup/vec4;
    %pushi/vec4 2, 0, 4;
    %cmp/u;
    %jmp/1 T_1.2, 6;
    %dup/vec4;
    %pushi/vec4 3, 0, 4;
    %cmp/u;
    %jmp/1 T_1.3, 6;
    %dup/vec4;
    %pushi/vec4 4, 0, 4;
    %cmp/u;
    %jmp/1 T_1.4, 6;
    %dup/vec4;
    %pushi/vec4 5, 0, 4;
    %cmp/u;
    %jmp/1 T_1.5, 6;
    %dup/vec4;
    %pushi/vec4 6, 0, 4;
    %cmp/u;
    %jmp/1 T_1.6, 6;
    %dup/vec4;
    %pushi/vec4 7, 0, 4;
    %cmp/u;
    %jmp/1 T_1.7, 6;
    %dup/vec4;
    %pushi/vec4 8, 0, 4;
    %cmp/u;
    %jmp/1 T_1.8, 6;
    %dup/vec4;
    %pushi/vec4 9, 0, 4;
    %cmp/u;
    %jmp/1 T_1.9, 6;
    %dup/vec4;
    %pushi/vec4 10, 0, 4;
    %cmp/u;
    %jmp/1 T_1.10, 6;
    %dup/vec4;
    %pushi/vec4 11, 0, 4;
    %cmp/u;
    %jmp/1 T_1.11, 6;
    %dup/vec4;
    %pushi/vec4 12, 0, 4;
    %cmp/u;
    %jmp/1 T_1.12, 6;
    %dup/vec4;
    %pushi/vec4 13, 0, 4;
    %cmp/u;
    %jmp/1 T_1.13, 6;
    %dup/vec4;
    %pushi/vec4 14, 0, 4;
    %cmp/u;
    %jmp/1 T_1.14, 6;
    %dup/vec4;
    %pushi/vec4 15, 0, 4;
    %cmp/u;
    %jmp/1 T_1.15, 6;
    %jmp T_1.16;
T_1.0 ;
    %pushi/vec4 1, 0, 7;
    %store/vec4 v0x559ba5ef2120_0, 0, 7;
    %jmp T_1.16;
T_1.1 ;
    %pushi/vec4 79, 0, 7;
    %store/vec4 v0x559ba5ef2120_0, 0, 7;
    %jmp T_1.16;
T_1.2 ;
    %pushi/vec4 18, 0, 7;
    %store/vec4 v0x559ba5ef2120_0, 0, 7;
    %jmp T_1.16;
T_1.3 ;
    %pushi/vec4 6, 0, 7;
    %store/vec4 v0x559ba5ef2120_0, 0, 7;
    %jmp T_1.16;
T_1.4 ;
    %pushi/vec4 76, 0, 7;
    %store/vec4 v0x559ba5ef2120_0, 0, 7;
    %jmp T_1.16;
T_1.5 ;
    %pushi/vec4 36, 0, 7;
    %store/vec4 v0x559ba5ef2120_0, 0, 7;
    %jmp T_1.16;
T_1.6 ;
    %pushi/vec4 32, 0, 7;
    %store/vec4 v0x559ba5ef2120_0, 0, 7;
    %jmp T_1.16;
T_1.7 ;
    %pushi/vec4 15, 0, 7;
    %store/vec4 v0x559ba5ef2120_0, 0, 7;
    %jmp T_1.16;
T_1.8 ;
    %pushi/vec4 0, 0, 7;
    %store/vec4 v0x559ba5ef2120_0, 0, 7;
    %jmp T_1.16;
T_1.9 ;
    %pushi/vec4 4, 0, 7;
    %store/vec4 v0x559ba5ef2120_0, 0, 7;
    %jmp T_1.16;
T_1.10 ;
    %pushi/vec4 8, 0, 7;
    %store/vec4 v0x559ba5ef2120_0, 0, 7;
    %jmp T_1.16;
T_1.11 ;
    %pushi/vec4 96, 0, 7;
    %store/vec4 v0x559ba5ef2120_0, 0, 7;
    %jmp T_1.16;
T_1.12 ;
    %pushi/vec4 49, 0, 7;
    %store/vec4 v0x559ba5ef2120_0, 0, 7;
    %jmp T_1.16;
T_1.13 ;
    %pushi/vec4 66, 0, 7;
    %store/vec4 v0x559ba5ef2120_0, 0, 7;
    %jmp T_1.16;
T_1.14 ;
    %pushi/vec4 48, 0, 7;
    %store/vec4 v0x559ba5ef2120_0, 0, 7;
    %jmp T_1.16;
T_1.15 ;
    %pushi/vec4 56, 0, 7;
    %store/vec4 v0x559ba5ef2120_0, 0, 7;
    %jmp T_1.16;
T_1.16 ;
    %pop/vec4 1;
    %jmp T_1;
    .thread T_1, $push;
    .scope S_0x559ba5ea0170;
T_2 ;
    %pushi/vec4 0, 0, 1;
    %store/vec4 v0x559ba5ef25e0_0, 0, 1;
    %end;
    .thread T_2;
    .scope S_0x559ba5ea0170;
T_3 ;
    %delay 10000, 0;
    %load/vec4 v0x559ba5ef25e0_0;
    %inv;
    %store/vec4 v0x559ba5ef25e0_0, 0, 1;
    %jmp T_3;
    .thread T_3;
    .scope S_0x559ba5ea0170;
T_4 ;
    %vpi_call 2 18 "$monitor", $time, "clk = %b, rst = %b, seg_count = %b", v0x559ba5ef25e0_0, v0x559ba5ef26d0_0, v0x559ba5ef27e0_0 {0 0 0};
    %pushi/vec4 0, 0, 1;
    %store/vec4 v0x559ba5ef26d0_0, 0, 1;
    %delay 10000, 0;
    %pushi/vec4 1, 0, 1;
    %store/vec4 v0x559ba5ef26d0_0, 0, 1;
    %delay 310000, 0;
    %vpi_call 2 21 "$finish" {0 0 0};
    %end;
    .thread T_4;
    .scope S_0x559ba5ea0170;
T_5 ;
    %vpi_call 2 25 "$dumpfile", "top_level_tb.vcd" {0 0 0};
    %vpi_call 2 26 "$dumpvars", 32'sb00000000000000000000000000000000, S_0x559ba5ea0170 {0 0 0};
    %end;
    .thread T_5;
# The file index is used to find the file name in the following table.
:file_names 6;
    "N/A";
    "<interactive>";
    "top_level_tb.v";
    "./top_level.v";
    "./frequency_divider.v";
    "./decod_bcd.v";
