#! /usr/bin/vvp
:ivl_version "10.3 (stable)";
:ivl_delay_selection "TYPICAL";
:vpi_time_precision + 0;
:vpi_module "system";
:vpi_module "vhdl_sys";
:vpi_module "v2005_math";
:vpi_module "va_math";
S_0x55a50ac5eaa0 .scope module, "full_adder_tb" "full_adder_tb" 2 6;
 .timescale 0 0;
v0x55a50ac73810_0 .var "A", 0 0;
v0x55a50ac738d0_0 .var "B", 0 0;
v0x55a50ac739a0_0 .var "CIN", 0 0;
v0x55a50ac73aa0_0 .net "COUT", 0 0, L_0x55a50ac74010;  1 drivers
v0x55a50ac73b70_0 .net "S", 0 0, L_0x55a50ac73da0;  1 drivers
S_0x55a50ac5ec20 .scope module, "uut" "full_adder" 2 12, 3 1 0, S_0x55a50ac5eaa0;
 .timescale 0 0;
    .port_info 0 /INPUT 1 "a"
    .port_info 1 /INPUT 1 "b"
    .port_info 2 /INPUT 1 "cin"
    .port_info 3 /OUTPUT 1 "s"
    .port_info 4 /OUTPUT 1 "cout"
L_0x55a50ac73c60 .functor XOR 1, v0x55a50ac73810_0, v0x55a50ac738d0_0, C4<0>, C4<0>;
L_0x55a50ac73da0 .functor XOR 1, L_0x55a50ac73c60, v0x55a50ac739a0_0, C4<0>, C4<0>;
L_0x55a50ac73f00 .functor AND 1, v0x55a50ac739a0_0, L_0x55a50ac73c60, C4<1>, C4<1>;
L_0x55a50ac73f70 .functor AND 1, v0x55a50ac73810_0, v0x55a50ac738d0_0, C4<1>, C4<1>;
L_0x55a50ac74010 .functor OR 1, L_0x55a50ac73f00, L_0x55a50ac73f70, C4<0>, C4<0>;
v0x55a50ac28070_0 .net "a", 0 0, v0x55a50ac73810_0;  1 drivers
v0x55a50ac731d0_0 .net "b", 0 0, v0x55a50ac738d0_0;  1 drivers
v0x55a50ac73290_0 .net "cin", 0 0, v0x55a50ac739a0_0;  1 drivers
v0x55a50ac73360_0 .net "cout", 0 0, L_0x55a50ac74010;  alias, 1 drivers
v0x55a50ac73420_0 .net "s", 0 0, L_0x55a50ac73da0;  alias, 1 drivers
v0x55a50ac73530_0 .net "w1", 0 0, L_0x55a50ac73c60;  1 drivers
v0x55a50ac735f0_0 .net "w2", 0 0, L_0x55a50ac73f00;  1 drivers
v0x55a50ac736b0_0 .net "w3", 0 0, L_0x55a50ac73f70;  1 drivers
    .scope S_0x55a50ac5eaa0;
T_0 ;
    %vpi_call 2 16 "$dumpfile", "full_adder_tb.vcd" {0 0 0};
    %vpi_call 2 17 "$dumpvars", 32'sb00000000000000000000000000000000, S_0x55a50ac5eaa0 {0 0 0};
    %end;
    .thread T_0;
    .scope S_0x55a50ac5eaa0;
T_1 ;
    %pushi/vec4 0, 0, 1;
    %store/vec4 v0x55a50ac73810_0, 0, 1;
    %pushi/vec4 0, 0, 1;
    %store/vec4 v0x55a50ac738d0_0, 0, 1;
    %pushi/vec4 0, 0, 1;
    %store/vec4 v0x55a50ac739a0_0, 0, 1;
    %delay 1, 0;
    %pushi/vec4 0, 0, 1;
    %store/vec4 v0x55a50ac73810_0, 0, 1;
    %pushi/vec4 0, 0, 1;
    %store/vec4 v0x55a50ac738d0_0, 0, 1;
    %pushi/vec4 1, 0, 1;
    %store/vec4 v0x55a50ac739a0_0, 0, 1;
    %delay 1, 0;
    %pushi/vec4 0, 0, 1;
    %store/vec4 v0x55a50ac73810_0, 0, 1;
    %pushi/vec4 1, 0, 1;
    %store/vec4 v0x55a50ac738d0_0, 0, 1;
    %pushi/vec4 0, 0, 1;
    %store/vec4 v0x55a50ac739a0_0, 0, 1;
    %delay 1, 0;
    %pushi/vec4 0, 0, 1;
    %store/vec4 v0x55a50ac73810_0, 0, 1;
    %pushi/vec4 1, 0, 1;
    %store/vec4 v0x55a50ac738d0_0, 0, 1;
    %pushi/vec4 1, 0, 1;
    %store/vec4 v0x55a50ac739a0_0, 0, 1;
    %delay 1, 0;
    %pushi/vec4 1, 0, 1;
    %store/vec4 v0x55a50ac73810_0, 0, 1;
    %pushi/vec4 0, 0, 1;
    %store/vec4 v0x55a50ac738d0_0, 0, 1;
    %pushi/vec4 0, 0, 1;
    %store/vec4 v0x55a50ac739a0_0, 0, 1;
    %delay 1, 0;
    %pushi/vec4 1, 0, 1;
    %store/vec4 v0x55a50ac73810_0, 0, 1;
    %pushi/vec4 0, 0, 1;
    %store/vec4 v0x55a50ac738d0_0, 0, 1;
    %pushi/vec4 1, 0, 1;
    %store/vec4 v0x55a50ac739a0_0, 0, 1;
    %delay 1, 0;
    %pushi/vec4 1, 0, 1;
    %store/vec4 v0x55a50ac73810_0, 0, 1;
    %pushi/vec4 1, 0, 1;
    %store/vec4 v0x55a50ac738d0_0, 0, 1;
    %pushi/vec4 0, 0, 1;
    %store/vec4 v0x55a50ac739a0_0, 0, 1;
    %delay 1, 0;
    %pushi/vec4 1, 0, 1;
    %store/vec4 v0x55a50ac73810_0, 0, 1;
    %pushi/vec4 1, 0, 1;
    %store/vec4 v0x55a50ac738d0_0, 0, 1;
    %pushi/vec4 1, 0, 1;
    %store/vec4 v0x55a50ac739a0_0, 0, 1;
    %delay 1, 0;
    %end;
    .thread T_1;
# The file index is used to find the file name in the following table.
:file_names 4;
    "N/A";
    "<interactive>";
    "full_adder_tb.v";
    "./full_adder.v";
