#! /usr/bin/vvp
:ivl_version "10.3 (stable)";
:ivl_delay_selection "TYPICAL";
:vpi_time_precision + 0;
:vpi_module "system";
:vpi_module "vhdl_sys";
:vpi_module "v2005_math";
:vpi_module "va_math";
S_0x55924883b2d0 .scope module, "alu_tb" "alu_tb" 2 3;
 .timescale 0 0;
P_0x5592488a6410 .param/l "DATA_WIDTH" 0 2 5, +C4<00000000000000000000000000000100>;
P_0x5592488a6450 .param/l "OPCODE_LENGTH" 0 2 6, +C4<00000000000000000000000000000011>;
v0x5592488db130_0 .var "A", 3 0;
v0x5592488db210_0 .var "B", 3 0;
v0x5592488db2e0_0 .net "F_ZERO", 0 0, L_0x5592488fcd80;  1 drivers
v0x5592488db3e0_0 .var "OP", 2 0;
v0x5592488db480_0 .net "RESULT", 3 0, L_0x5592488f4eb0;  1 drivers
S_0x55924885da20 .scope module, "uut" "alu" 2 15, 3 2 0, S_0x55924883b2d0;
 .timescale 0 0;
    .port_info 0 /INPUT 4 "src_a"
    .port_info 1 /INPUT 4 "src_b"
    .port_info 2 /INPUT 3 "operation"
    .port_info 3 /OUTPUT 4 "alu_result"
    .port_info 4 /OUTPUT 1 "zero_flag"
L_0x55924885de80 .functor AND 4, v0x5592488db130_0, v0x5592488db210_0, C4<1111>, C4<1111>;
L_0x55924885df50 .functor OR 4, v0x5592488db130_0, v0x5592488db210_0, C4<0000>, C4<0000>;
L_0x5592488db7e0 .functor XOR 4, v0x5592488db130_0, v0x5592488db210_0, C4<0000>, C4<0000>;
v0x5592488da040_0 .net *"_s12", 0 0, L_0x5592488dbb80;  1 drivers
L_0x7f56aeda3018 .functor BUFT 1, C4<000>, C4<0>, C4<0>, C4<0>;
v0x5592488da120_0 .net *"_s17", 2 0, L_0x7f56aeda3018;  1 drivers
L_0x7f56aeda3060 .functor BUFT 1, C4<0000>, C4<0>, C4<0>, C4<0>;
v0x5592488da200_0 .net/2u *"_s20", 3 0, L_0x7f56aeda3060;  1 drivers
v0x5592488da2c0_0 .net *"_s22", 0 0, L_0x5592488fc170;  1 drivers
L_0x7f56aeda30a8 .functor BUFT 1, C4<00>, C4<0>, C4<0>, C4<0>;
v0x5592488da380_0 .net/2s *"_s24", 1 0, L_0x7f56aeda30a8;  1 drivers
L_0x7f56aeda30f0 .functor BUFT 1, C4<01>, C4<0>, C4<0>, C4<0>;
v0x5592488da460_0 .net/2s *"_s26", 1 0, L_0x7f56aeda30f0;  1 drivers
v0x5592488da540_0 .net *"_s28", 1 0, L_0x5592488fc210;  1 drivers
v0x5592488da620_0 .net "alu_result", 3 0, L_0x5592488f4eb0;  alias, 1 drivers
v0x5592488da6e0_0 .net "opAltB", 3 0, L_0x5592488dbd30;  1 drivers
v0x5592488da780_0 .net "opXOR", 3 0, L_0x5592488db7e0;  1 drivers
v0x5592488da850_0 .net "opand", 3 0, L_0x55924885de80;  1 drivers
v0x5592488da920_0 .net "operation", 2 0, v0x5592488db3e0_0;  1 drivers
v0x5592488da9f0_0 .net "opminus", 3 0, L_0x5592488db9f0;  1 drivers
v0x5592488daac0_0 .net "opor", 3 0, L_0x55924885df50;  1 drivers
v0x5592488dab90_0 .net "opplus", 3 0, L_0x5592488db740;  1 drivers
v0x5592488dac60_0 .net "opsl", 3 0, L_0x5592488db950;  1 drivers
v0x5592488dad30_0 .net "opsr", 3 0, L_0x5592488dba90;  1 drivers
v0x5592488dae00_0 .net "src_a", 3 0, v0x5592488db130_0;  1 drivers
v0x5592488daec0_0 .net "src_b", 3 0, v0x5592488db210_0;  1 drivers
v0x5592488dafa0_0 .net "zero_flag", 0 0, L_0x5592488fcd80;  alias, 1 drivers
L_0x5592488db740 .arith/sum 4, v0x5592488db130_0, v0x5592488db210_0;
L_0x5592488db950 .shift/l 4, v0x5592488db130_0, v0x5592488db210_0;
L_0x5592488db9f0 .arith/sub 4, v0x5592488db130_0, v0x5592488db210_0;
L_0x5592488dba90 .shift/r 4, v0x5592488db130_0, v0x5592488db210_0;
L_0x5592488dbb80 .cmp/gt 4, v0x5592488db210_0, v0x5592488db130_0;
L_0x5592488dbd30 .concat [ 1 3 0 0], L_0x5592488dbb80, L_0x7f56aeda3018;
L_0x5592488fc170 .cmp/ne 4, L_0x5592488f4eb0, L_0x7f56aeda3060;
L_0x5592488fc210 .functor MUXZ 2, L_0x7f56aeda30f0, L_0x7f56aeda30a8, L_0x5592488fc170, C4<>;
L_0x5592488fcd80 .part L_0x5592488fc210, 0, 1;
S_0x55924885dbf0 .scope module, "mux" "mux_8_1" 3 19, 4 1 0, S_0x55924885da20;
 .timescale 0 0;
    .port_info 0 /INPUT 4 "i0"
    .port_info 1 /INPUT 4 "i1"
    .port_info 2 /INPUT 4 "i2"
    .port_info 3 /INPUT 4 "i3"
    .port_info 4 /INPUT 4 "i4"
    .port_info 5 /INPUT 4 "i5"
    .port_info 6 /INPUT 4 "i6"
    .port_info 7 /INPUT 4 "i7"
    .port_info 8 /INPUT 3 "s"
    .port_info 9 /OUTPUT 4 "y"
L_0x5592488dc090 .functor NOT 1, L_0x5592488dbff0, C4<0>, C4<0>, C4<0>;
L_0x5592488dc150 .functor AND 1, L_0x5592488dbf50, L_0x5592488dc090, C4<1>, C4<1>;
L_0x5592488dc300 .functor NOT 1, L_0x5592488dc260, C4<0>, C4<0>, C4<0>;
L_0x5592488dc370 .functor AND 1, L_0x5592488dc150, L_0x5592488dc300, C4<1>, C4<1>;
L_0x5592488dc520 .functor NOT 1, L_0x5592488dc480, C4<0>, C4<0>, C4<0>;
L_0x5592488dc5e0 .functor AND 1, L_0x5592488dc370, L_0x5592488dc520, C4<1>, C4<1>;
L_0x5592488dc8b0 .functor AND 1, L_0x5592488dc730, L_0x5592488dc7d0, C4<1>, C4<1>;
L_0x5592488dca60 .functor NOT 1, L_0x5592488dc9c0, C4<0>, C4<0>, C4<0>;
L_0x5592488dcb70 .functor AND 1, L_0x5592488dc8b0, L_0x5592488dca60, C4<1>, C4<1>;
L_0x5592488dce80 .functor NOT 1, L_0x5592488dcc80, C4<0>, C4<0>, C4<0>;
L_0x5592488dcfa0 .functor AND 1, L_0x5592488dcb70, L_0x5592488dce80, C4<1>, C4<1>;
L_0x5592488dd060 .functor OR 1, L_0x5592488dc5e0, L_0x5592488dcfa0, C4<0>, C4<0>;
L_0x5592488dd380 .functor NOT 1, L_0x5592488dd280, C4<0>, C4<0>, C4<0>;
L_0x5592488dd3f0 .functor AND 1, L_0x5592488dd1e0, L_0x5592488dd380, C4<1>, C4<1>;
L_0x5592488dd170 .functor AND 1, L_0x5592488dd3f0, L_0x5592488dd580, C4<1>, C4<1>;
L_0x5592488dd7d0 .functor NOT 1, L_0x5592488dd6c0, C4<0>, C4<0>, C4<0>;
L_0x5592488dd920 .functor AND 1, L_0x5592488dd170, L_0x5592488dd7d0, C4<1>, C4<1>;
L_0x5592488dda30 .functor OR 1, L_0x5592488dd060, L_0x5592488dd920, C4<0>, C4<0>;
L_0x5592488dd760 .functor AND 1, L_0x5592488ddbe0, L_0x5592488ddc80, C4<1>, C4<1>;
L_0x5592488ddee0 .functor AND 1, L_0x5592488dd760, L_0x5592488dde40, C4<1>, C4<1>;
L_0x5592488de130 .functor NOT 1, L_0x5592488ddb40, C4<0>, C4<0>, C4<0>;
L_0x5592488de1f0 .functor AND 1, L_0x5592488ddee0, L_0x5592488de130, C4<1>, C4<1>;
L_0x5592488de3c0 .functor OR 1, L_0x5592488dda30, L_0x5592488de1f0, C4<0>, C4<0>;
L_0x5592488de6b0 .functor NOT 1, L_0x5592488de570, C4<0>, C4<0>, C4<0>;
L_0x5592488de840 .functor AND 1, L_0x5592488de4d0, L_0x5592488de6b0, C4<1>, C4<1>;
L_0x5592488de9f0 .functor NOT 1, L_0x5592488de950, C4<0>, C4<0>, C4<0>;
L_0x5592488deb90 .functor AND 1, L_0x5592488de840, L_0x5592488de9f0, C4<1>, C4<1>;
L_0x5592488dedf0 .functor AND 1, L_0x5592488deb90, L_0x5592488deca0, C4<1>, C4<1>;
L_0x5592488deff0 .functor OR 1, L_0x5592488de3c0, L_0x5592488dedf0, C4<0>, C4<0>;
L_0x5592488df260 .functor AND 1, L_0x5592488de610, L_0x5592488df100, C4<1>, C4<1>;
L_0x5592488df510 .functor NOT 1, L_0x5592488df470, C4<0>, C4<0>, C4<0>;
L_0x5592488df5d0 .functor AND 1, L_0x5592488df260, L_0x5592488df510, C4<1>, C4<1>;
L_0x5592488df960 .functor AND 1, L_0x5592488df5d0, L_0x5592488df7f0, C4<1>, C4<1>;
L_0x5592488dfa70 .functor OR 1, L_0x5592488deff0, L_0x5592488df960, C4<0>, C4<0>;
L_0x5592488dfec0 .functor NOT 1, L_0x5592488dfd40, C4<0>, C4<0>, C4<0>;
L_0x5592488dff80 .functor AND 1, L_0x5592488dfca0, L_0x5592488dfec0, C4<1>, C4<1>;
L_0x5592488dfc20 .functor AND 1, L_0x5592488dff80, L_0x5592488dfb80, C4<1>, C4<1>;
L_0x5592488e03f0 .functor AND 1, L_0x5592488dfc20, L_0x5592488e0260, C4<1>, C4<1>;
L_0x5592488e0640 .functor OR 1, L_0x5592488dfa70, L_0x5592488e03f0, C4<0>, C4<0>;
L_0x5592488e0990 .functor AND 1, L_0x5592488e0750, L_0x5592488e07f0, C4<1>, C4<1>;
L_0x5592488e0c90 .functor AND 1, L_0x5592488e0990, L_0x5592488e0bf0, C4<1>, C4<1>;
L_0x5592488e0f50 .functor AND 1, L_0x5592488e0c90, L_0x5592488e0da0, C4<1>, C4<1>;
L_0x5592488e11c0 .functor OR 1, L_0x5592488e0640, L_0x5592488e0f50, C4<0>, C4<0>;
L_0x5592488e1530 .functor NOT 1, L_0x5592488e1370, C4<0>, C4<0>, C4<0>;
L_0x5592488e1710 .functor AND 1, L_0x5592488e12d0, L_0x5592488e1530, C4<1>, C4<1>;
L_0x5592488e18c0 .functor NOT 1, L_0x5592488e1820, C4<0>, C4<0>, C4<0>;
L_0x5592488e1b00 .functor AND 1, L_0x5592488e1710, L_0x5592488e18c0, C4<1>, C4<1>;
L_0x5592488e1410 .functor NOT 1, L_0x5592488e1c10, C4<0>, C4<0>, C4<0>;
L_0x5592488e1f70 .functor AND 1, L_0x5592488e1b00, L_0x5592488e1410, C4<1>, C4<1>;
L_0x5592488e22b0 .functor AND 1, L_0x5592488e2030, L_0x5592488e20d0, C4<1>, C4<1>;
L_0x5592488e25b0 .functor NOT 1, L_0x5592488e2510, C4<0>, C4<0>, C4<0>;
L_0x5592488e2670 .functor AND 1, L_0x5592488e22b0, L_0x5592488e25b0, C4<1>, C4<1>;
L_0x5592488e2b20 .functor NOT 1, L_0x5592488e2930, C4<0>, C4<0>, C4<0>;
L_0x5592488e2be0 .functor AND 1, L_0x5592488e2670, L_0x5592488e2b20, C4<1>, C4<1>;
L_0x5592488e2eb0 .functor OR 1, L_0x5592488e1f70, L_0x5592488e2be0, C4<0>, C4<0>;
L_0x5592488e3260 .functor NOT 1, L_0x5592488e3060, C4<0>, C4<0>, C4<0>;
L_0x5592488e34a0 .functor AND 1, L_0x5592488e2fc0, L_0x5592488e3260, C4<1>, C4<1>;
L_0x5592488e3650 .functor AND 1, L_0x5592488e34a0, L_0x5592488e35b0, C4<1>, C4<1>;
L_0x5592488e3b50 .functor NOT 1, L_0x5592488e3940, C4<0>, C4<0>, C4<0>;
L_0x5592488e3c10 .functor AND 1, L_0x5592488e3650, L_0x5592488e3b50, C4<1>, C4<1>;
L_0x5592488e3f10 .functor OR 1, L_0x5592488e2eb0, L_0x5592488e3c10, C4<0>, C4<0>;
L_0x5592488e42e0 .functor AND 1, L_0x5592488e4020, L_0x5592488e40c0, C4<1>, C4<1>;
L_0x5592488e4640 .functor AND 1, L_0x5592488e42e0, L_0x5592488e45a0, C4<1>, C4<1>;
L_0x5592488e4980 .functor NOT 1, L_0x5592488e4750, C4<0>, C4<0>, C4<0>;
L_0x5592488e4c50 .functor AND 1, L_0x5592488e4640, L_0x5592488e4980, C4<1>, C4<1>;
L_0x5592488e4d60 .functor OR 1, L_0x5592488e3f10, L_0x5592488e4c50, C4<0>, C4<0>;
L_0x5592488e5400 .functor NOT 1, L_0x5592488e51c0, C4<0>, C4<0>, C4<0>;
L_0x5592488e5470 .functor AND 1, L_0x5592488e5090, L_0x5592488e5400, C4<1>, C4<1>;
L_0x5592488e5850 .functor NOT 1, L_0x5592488e57b0, C4<0>, C4<0>, C4<0>;
L_0x5592488e5910 .functor AND 1, L_0x5592488e5470, L_0x5592488e5850, C4<1>, C4<1>;
L_0x5592488e5eb0 .functor AND 1, L_0x5592488e5910, L_0x5592488e5c60, C4<1>, C4<1>;
L_0x5592488e5fc0 .functor OR 1, L_0x5592488e4d60, L_0x5592488e5eb0, C4<0>, C4<0>;
L_0x5592488e66b0 .functor AND 1, L_0x5592488e6320, L_0x5592488e6450, C4<1>, C4<1>;
L_0x5592488e6810 .functor NOT 1, L_0x5592488e6770, C4<0>, C4<0>, C4<0>;
L_0x5592488e6b30 .functor AND 1, L_0x5592488e66b0, L_0x5592488e6810, C4<1>, C4<1>;
L_0x5592488e6eb0 .functor AND 1, L_0x5592488e6b30, L_0x5592488e6c40, C4<1>, C4<1>;
L_0x5592488e7230 .functor OR 1, L_0x5592488e5fc0, L_0x5592488e6eb0, C4<0>, C4<0>;
L_0x5592488e76f0 .functor NOT 1, L_0x5592488e7470, C4<0>, C4<0>, C4<0>;
L_0x5592488e79e0 .functor AND 1, L_0x5592488e7340, L_0x5592488e76f0, C4<1>, C4<1>;
L_0x5592488e7b90 .functor AND 1, L_0x5592488e79e0, L_0x5592488e7af0, C4<1>, C4<1>;
L_0x5592488e81c0 .functor AND 1, L_0x5592488e7b90, L_0x5592488e7f30, C4<1>, C4<1>;
L_0x5592488e82d0 .functor OR 1, L_0x5592488e7230, L_0x5592488e81c0, C4<0>, C4<0>;
L_0x5592488e8a50 .functor AND 1, L_0x5592488e8680, L_0x5592488e87b0, C4<1>, C4<1>;
L_0x5592488e8bb0 .functor AND 1, L_0x5592488e8a50, L_0x5592488e8b10, C4<1>, C4<1>;
L_0x5592488e9220 .functor AND 1, L_0x5592488e8bb0, L_0x5592488e8f70, C4<1>, C4<1>;
L_0x5592488e9330 .functor OR 1, L_0x5592488e82d0, L_0x5592488e9220, C4<0>, C4<0>;
L_0x5592488e9a60 .functor NOT 1, L_0x5592488e97a0, C4<0>, C4<0>, C4<0>;
L_0x5592488e9b20 .functor AND 1, L_0x5592488e9700, L_0x5592488e9a60, C4<1>, C4<1>;
L_0x5592488e9fa0 .functor NOT 1, L_0x5592488e9f00, C4<0>, C4<0>, C4<0>;
L_0x5592488ea060 .functor AND 1, L_0x5592488e9b20, L_0x5592488e9fa0, C4<1>, C4<1>;
L_0x5592488ea720 .functor NOT 1, L_0x5592488ea450, C4<0>, C4<0>, C4<0>;
L_0x5592488ea7e0 .functor AND 1, L_0x5592488ea060, L_0x5592488ea720, C4<1>, C4<1>;
L_0x5592488eaf60 .functor AND 1, L_0x5592488eabe0, L_0x5592488eac80, C4<1>, C4<1>;
L_0x5592488eb110 .functor NOT 1, L_0x5592488eb070, C4<0>, C4<0>, C4<0>;
L_0x5592488eb4d0 .functor AND 1, L_0x5592488eaf60, L_0x5592488eb110, C4<1>, C4<1>;
L_0x5592488eb8d0 .functor NOT 1, L_0x5592488eb5e0, C4<0>, C4<0>, C4<0>;
L_0x5592488ebca0 .functor AND 1, L_0x5592488eb4d0, L_0x5592488eb8d0, C4<1>, C4<1>;
L_0x5592488ebdb0 .functor OR 1, L_0x5592488ea7e0, L_0x5592488ebca0, C4<0>, C4<0>;
L_0x5592488ec580 .functor NOT 1, L_0x5592488ec280, C4<0>, C4<0>, C4<0>;
L_0x5592488ec640 .functor AND 1, L_0x5592488ec1e0, L_0x5592488ec580, C4<1>, C4<1>;
L_0x5592488ecb20 .functor AND 1, L_0x5592488ec640, L_0x5592488eca80, C4<1>, C4<1>;
L_0x5592488ecf40 .functor NOT 1, L_0x5592488ecc30, C4<0>, C4<0>, C4<0>;
L_0x5592488ed340 .functor AND 1, L_0x5592488ecb20, L_0x5592488ecf40, C4<1>, C4<1>;
L_0x5592488ed450 .functor OR 1, L_0x5592488ebdb0, L_0x5592488ed340, C4<0>, C4<0>;
L_0x5592488edc70 .functor AND 1, L_0x5592488ed8b0, L_0x5592488ed950, C4<1>, C4<1>;
L_0x5592488ede20 .functor AND 1, L_0x5592488edc70, L_0x5592488edd80, C4<1>, C4<1>;
L_0x5592488ee5c0 .functor NOT 1, L_0x5592488ee290, C4<0>, C4<0>, C4<0>;
L_0x5592488ee680 .functor AND 1, L_0x5592488ede20, L_0x5592488ee5c0, C4<1>, C4<1>;
L_0x5592488eeb00 .functor OR 1, L_0x5592488ed450, L_0x5592488ee680, C4<0>, C4<0>;
L_0x5592488eeff0 .functor NOT 1, L_0x5592488eecb0, C4<0>, C4<0>, C4<0>;
L_0x5592488ef430 .functor AND 1, L_0x5592488eec10, L_0x5592488eeff0, C4<1>, C4<1>;
L_0x5592488efdf0 .functor NOT 1, L_0x5592488ef540, C4<0>, C4<0>, C4<0>;
L_0x5592488f0240 .functor AND 1, L_0x5592488ef430, L_0x5592488efdf0, C4<1>, C4<1>;
L_0x5592488f06a0 .functor AND 1, L_0x5592488f0240, L_0x5592488f0350, C4<1>, C4<1>;
L_0x5592488f0b50 .functor OR 1, L_0x5592488eeb00, L_0x5592488f06a0, C4<0>, C4<0>;
L_0x5592488f1060 .functor AND 1, L_0x5592488f0c60, L_0x5592488f0d00, C4<1>, C4<1>;
L_0x5592488f15c0 .functor NOT 1, L_0x5592488f1520, C4<0>, C4<0>, C4<0>;
L_0x5592488f1680 .functor AND 1, L_0x5592488f1060, L_0x5592488f15c0, C4<1>, C4<1>;
L_0x5592488f1ec0 .functor AND 1, L_0x5592488f1680, L_0x5592488f1b50, C4<1>, C4<1>;
L_0x5592488f1fd0 .functor OR 1, L_0x5592488f0b50, L_0x5592488f1ec0, C4<0>, C4<0>;
L_0x5592488f28d0 .functor NOT 1, L_0x5592488f2550, C4<0>, C4<0>, C4<0>;
L_0x5592488f2990 .functor AND 1, L_0x5592488f24b0, L_0x5592488f28d0, C4<1>, C4<1>;
L_0x5592488f2f20 .functor AND 1, L_0x5592488f2990, L_0x5592488f2e80, C4<1>, C4<1>;
L_0x5592488f33c0 .functor AND 1, L_0x5592488f2f20, L_0x5592488f3030, C4<1>, C4<1>;
L_0x5592488f38c0 .functor OR 1, L_0x5592488f1fd0, L_0x5592488f33c0, C4<0>, C4<0>;
L_0x5592488f3e10 .functor AND 1, L_0x5592488f39d0, L_0x5592488f3a70, C4<1>, C4<1>;
L_0x5592488f43c0 .functor AND 1, L_0x5592488f3e10, L_0x5592488f4320, C4<1>, C4<1>;
L_0x5592488f4880 .functor AND 1, L_0x5592488f43c0, L_0x5592488f44d0, C4<1>, C4<1>;
L_0x5592488f4da0 .functor OR 1, L_0x5592488f38c0, L_0x5592488f4880, C4<0>, C4<0>;
L_0x5592488f54a0 .functor NOT 1, L_0x5592488f5400, C4<0>, C4<0>, C4<0>;
L_0x5592488f5980 .functor AND 1, L_0x5592488f5040, L_0x5592488f54a0, C4<1>, C4<1>;
L_0x5592488f5e60 .functor NOT 1, L_0x5592488f5a90, C4<0>, C4<0>, C4<0>;
L_0x5592488f5560 .functor AND 1, L_0x5592488f5980, L_0x5592488f5e60, C4<1>, C4<1>;
L_0x5592488f5710 .functor NOT 1, L_0x5592488f5670, C4<0>, C4<0>, C4<0>;
L_0x5592488f57d0 .functor AND 1, L_0x5592488f5560, L_0x5592488f5710, C4<1>, C4<1>;
L_0x5592488f6740 .functor AND 1, L_0x5592488f58e0, L_0x5592488f66a0, C4<1>, C4<1>;
L_0x5592488f6ca0 .functor NOT 1, L_0x5592488f5f20, C4<0>, C4<0>, C4<0>;
L_0x5592488f6d10 .functor AND 1, L_0x5592488f6740, L_0x5592488f6ca0, C4<1>, C4<1>;
L_0x5592488f68f0 .functor NOT 1, L_0x5592488f6850, C4<0>, C4<0>, C4<0>;
L_0x5592488f69b0 .functor AND 1, L_0x5592488f6d10, L_0x5592488f68f0, C4<1>, C4<1>;
L_0x5592488f6ac0 .functor OR 1, L_0x5592488f57d0, L_0x5592488f69b0, C4<0>, C4<0>;
L_0x5592488f7690 .functor NOT 1, L_0x5592488f75f0, C4<0>, C4<0>, C4<0>;
L_0x5592488f6e20 .functor AND 1, L_0x5592488f6bd0, L_0x5592488f7690, C4<1>, C4<1>;
L_0x5592488f6fd0 .functor AND 1, L_0x5592488f6e20, L_0x5592488f6f30, C4<1>, C4<1>;
L_0x5592488f7180 .functor NOT 1, L_0x5592488f70e0, C4<0>, C4<0>, C4<0>;
L_0x5592488f7750 .functor AND 1, L_0x5592488f6fd0, L_0x5592488f7180, C4<1>, C4<1>;
L_0x5592488f7810 .functor OR 1, L_0x5592488f6ac0, L_0x5592488f7750, C4<0>, C4<0>;
L_0x5592488f7a60 .functor AND 1, L_0x5592488f7920, L_0x5592488f79c0, C4<1>, C4<1>;
L_0x5592488f8370 .functor AND 1, L_0x5592488f7a60, L_0x5592488f7f40, C4<1>, C4<1>;
L_0x5592488f8d00 .functor NOT 1, L_0x5592488f8c60, C4<0>, C4<0>, C4<0>;
L_0x5592488f8760 .functor AND 1, L_0x5592488f8370, L_0x5592488f8d00, C4<1>, C4<1>;
L_0x5592488f8870 .functor OR 1, L_0x5592488f7810, L_0x5592488f8760, C4<0>, C4<0>;
L_0x5592488f8ac0 .functor NOT 1, L_0x5592488f8a20, C4<0>, C4<0>, C4<0>;
L_0x5592488f8b80 .functor AND 1, L_0x5592488f8980, L_0x5592488f8ac0, C4<1>, C4<1>;
L_0x5592488f9210 .functor NOT 1, L_0x5592488f8dc0, C4<0>, C4<0>, C4<0>;
L_0x5592488f9c00 .functor AND 1, L_0x5592488f8b80, L_0x5592488f9210, C4<1>, C4<1>;
L_0x5592488f9770 .functor AND 1, L_0x5592488f9c00, L_0x5592488f96d0, C4<1>, C4<1>;
L_0x5592488f9880 .functor OR 1, L_0x5592488f8870, L_0x5592488f9770, C4<0>, C4<0>;
L_0x5592488f9ad0 .functor AND 1, L_0x5592488f9990, L_0x5592488f9a30, C4<1>, C4<1>;
L_0x5592488faa90 .functor NOT 1, L_0x5592488fa620, C4<0>, C4<0>, C4<0>;
L_0x5592488f9d10 .functor AND 1, L_0x5592488f9ad0, L_0x5592488faa90, C4<1>, C4<1>;
L_0x5592488f9ec0 .functor AND 1, L_0x5592488f9d10, L_0x5592488f9e20, C4<1>, C4<1>;
L_0x5592488f9fd0 .functor OR 1, L_0x5592488f9880, L_0x5592488f9ec0, C4<0>, C4<0>;
L_0x5592488fa180 .functor NOT 1, L_0x5592488fb450, C4<0>, C4<0>, C4<0>;
L_0x5592488fab50 .functor AND 1, L_0x5592488fa0e0, L_0x5592488fa180, C4<1>, C4<1>;
L_0x5592488fad00 .functor AND 1, L_0x5592488fab50, L_0x5592488fac60, C4<1>, C4<1>;
L_0x5592488faeb0 .functor AND 1, L_0x5592488fad00, L_0x5592488fae10, C4<1>, C4<1>;
L_0x5592488fafc0 .functor OR 1, L_0x5592488f9fd0, L_0x5592488faeb0, C4<0>, C4<0>;
L_0x5592488fb720 .functor AND 1, L_0x5592488fb5e0, L_0x5592488fb680, C4<1>, C4<1>;
L_0x5592488fb8d0 .functor AND 1, L_0x5592488fb720, L_0x5592488fb830, C4<1>, C4<1>;
L_0x5592488fbf00 .functor AND 1, L_0x5592488fb8d0, L_0x5592488fbe60, C4<1>, C4<1>;
L_0x5592488fc010 .functor OR 1, L_0x5592488fafc0, L_0x5592488fbf00, C4<0>, C4<0>;
v0x5592488151b0_0 .net *"_s101", 0 0, L_0x5592488de610;  1 drivers
v0x5592488c79d0_0 .net *"_s103", 0 0, L_0x5592488df100;  1 drivers
v0x5592488c7ab0_0 .net *"_s104", 0 0, L_0x5592488df260;  1 drivers
v0x5592488c7b70_0 .net *"_s107", 0 0, L_0x5592488df470;  1 drivers
v0x5592488c7c50_0 .net *"_s108", 0 0, L_0x5592488df510;  1 drivers
v0x5592488c7d80_0 .net *"_s11", 0 0, L_0x5592488dc260;  1 drivers
v0x5592488c7e60_0 .net *"_s110", 0 0, L_0x5592488df5d0;  1 drivers
v0x5592488c7f40_0 .net *"_s113", 0 0, L_0x5592488df7f0;  1 drivers
v0x5592488c8020_0 .net *"_s114", 0 0, L_0x5592488df960;  1 drivers
v0x5592488c8100_0 .net *"_s116", 0 0, L_0x5592488dfa70;  1 drivers
v0x5592488c81e0_0 .net *"_s119", 0 0, L_0x5592488dfca0;  1 drivers
v0x5592488c82c0_0 .net *"_s12", 0 0, L_0x5592488dc300;  1 drivers
v0x5592488c83a0_0 .net *"_s121", 0 0, L_0x5592488dfd40;  1 drivers
v0x5592488c8480_0 .net *"_s122", 0 0, L_0x5592488dfec0;  1 drivers
v0x5592488c8560_0 .net *"_s124", 0 0, L_0x5592488dff80;  1 drivers
v0x5592488c8640_0 .net *"_s127", 0 0, L_0x5592488dfb80;  1 drivers
v0x5592488c8720_0 .net *"_s128", 0 0, L_0x5592488dfc20;  1 drivers
v0x5592488c8800_0 .net *"_s131", 0 0, L_0x5592488e0260;  1 drivers
v0x5592488c88e0_0 .net *"_s132", 0 0, L_0x5592488e03f0;  1 drivers
v0x5592488c89c0_0 .net *"_s134", 0 0, L_0x5592488e0640;  1 drivers
v0x5592488c8aa0_0 .net *"_s137", 0 0, L_0x5592488e0750;  1 drivers
v0x5592488c8b80_0 .net *"_s139", 0 0, L_0x5592488e07f0;  1 drivers
v0x5592488c8c60_0 .net *"_s14", 0 0, L_0x5592488dc370;  1 drivers
v0x5592488c8d40_0 .net *"_s140", 0 0, L_0x5592488e0990;  1 drivers
v0x5592488c8e20_0 .net *"_s143", 0 0, L_0x5592488e0bf0;  1 drivers
v0x5592488c8f00_0 .net *"_s144", 0 0, L_0x5592488e0c90;  1 drivers
v0x5592488c8fe0_0 .net *"_s147", 0 0, L_0x5592488e0da0;  1 drivers
v0x5592488c90c0_0 .net *"_s148", 0 0, L_0x5592488e0f50;  1 drivers
v0x5592488c91a0_0 .net *"_s150", 0 0, L_0x5592488e11c0;  1 drivers
v0x5592488c9280_0 .net *"_s155", 0 0, L_0x5592488e12d0;  1 drivers
v0x5592488c9360_0 .net *"_s157", 0 0, L_0x5592488e1370;  1 drivers
v0x5592488c9440_0 .net *"_s158", 0 0, L_0x5592488e1530;  1 drivers
v0x5592488c9520_0 .net *"_s160", 0 0, L_0x5592488e1710;  1 drivers
v0x5592488c9810_0 .net *"_s163", 0 0, L_0x5592488e1820;  1 drivers
v0x5592488c98f0_0 .net *"_s164", 0 0, L_0x5592488e18c0;  1 drivers
v0x5592488c99d0_0 .net *"_s166", 0 0, L_0x5592488e1b00;  1 drivers
v0x5592488c9ab0_0 .net *"_s169", 0 0, L_0x5592488e1c10;  1 drivers
v0x5592488c9b90_0 .net *"_s17", 0 0, L_0x5592488dc480;  1 drivers
v0x5592488c9c70_0 .net *"_s170", 0 0, L_0x5592488e1410;  1 drivers
v0x5592488c9d50_0 .net *"_s172", 0 0, L_0x5592488e1f70;  1 drivers
v0x5592488c9e30_0 .net *"_s175", 0 0, L_0x5592488e2030;  1 drivers
v0x5592488c9f10_0 .net *"_s177", 0 0, L_0x5592488e20d0;  1 drivers
v0x5592488c9ff0_0 .net *"_s178", 0 0, L_0x5592488e22b0;  1 drivers
v0x5592488ca0d0_0 .net *"_s18", 0 0, L_0x5592488dc520;  1 drivers
v0x5592488ca1b0_0 .net *"_s181", 0 0, L_0x5592488e2510;  1 drivers
v0x5592488ca290_0 .net *"_s182", 0 0, L_0x5592488e25b0;  1 drivers
v0x5592488ca370_0 .net *"_s184", 0 0, L_0x5592488e2670;  1 drivers
v0x5592488ca450_0 .net *"_s187", 0 0, L_0x5592488e2930;  1 drivers
v0x5592488ca530_0 .net *"_s188", 0 0, L_0x5592488e2b20;  1 drivers
v0x5592488ca610_0 .net *"_s190", 0 0, L_0x5592488e2be0;  1 drivers
v0x5592488ca6f0_0 .net *"_s192", 0 0, L_0x5592488e2eb0;  1 drivers
v0x5592488ca7d0_0 .net *"_s195", 0 0, L_0x5592488e2fc0;  1 drivers
v0x5592488ca8b0_0 .net *"_s197", 0 0, L_0x5592488e3060;  1 drivers
v0x5592488ca990_0 .net *"_s198", 0 0, L_0x5592488e3260;  1 drivers
v0x5592488caa70_0 .net *"_s20", 0 0, L_0x5592488dc5e0;  1 drivers
v0x5592488cab50_0 .net *"_s200", 0 0, L_0x5592488e34a0;  1 drivers
v0x5592488cac30_0 .net *"_s203", 0 0, L_0x5592488e35b0;  1 drivers
v0x5592488cad10_0 .net *"_s204", 0 0, L_0x5592488e3650;  1 drivers
v0x5592488cadf0_0 .net *"_s207", 0 0, L_0x5592488e3940;  1 drivers
v0x5592488caed0_0 .net *"_s208", 0 0, L_0x5592488e3b50;  1 drivers
v0x5592488cafb0_0 .net *"_s210", 0 0, L_0x5592488e3c10;  1 drivers
v0x5592488cb090_0 .net *"_s212", 0 0, L_0x5592488e3f10;  1 drivers
v0x5592488cb170_0 .net *"_s215", 0 0, L_0x5592488e4020;  1 drivers
v0x5592488cb250_0 .net *"_s217", 0 0, L_0x5592488e40c0;  1 drivers
v0x5592488cb330_0 .net *"_s218", 0 0, L_0x5592488e42e0;  1 drivers
v0x5592488cb820_0 .net *"_s221", 0 0, L_0x5592488e45a0;  1 drivers
v0x5592488cb900_0 .net *"_s222", 0 0, L_0x5592488e4640;  1 drivers
v0x5592488cb9e0_0 .net *"_s225", 0 0, L_0x5592488e4750;  1 drivers
v0x5592488cbac0_0 .net *"_s226", 0 0, L_0x5592488e4980;  1 drivers
v0x5592488cbba0_0 .net *"_s228", 0 0, L_0x5592488e4c50;  1 drivers
v0x5592488cbc80_0 .net *"_s23", 0 0, L_0x5592488dc730;  1 drivers
v0x5592488cbd60_0 .net *"_s230", 0 0, L_0x5592488e4d60;  1 drivers
v0x5592488cbe40_0 .net *"_s233", 0 0, L_0x5592488e5090;  1 drivers
v0x5592488cbf20_0 .net *"_s235", 0 0, L_0x5592488e51c0;  1 drivers
v0x5592488cc000_0 .net *"_s236", 0 0, L_0x5592488e5400;  1 drivers
v0x5592488cc0e0_0 .net *"_s238", 0 0, L_0x5592488e5470;  1 drivers
v0x5592488cc1c0_0 .net *"_s241", 0 0, L_0x5592488e57b0;  1 drivers
v0x5592488cc2a0_0 .net *"_s242", 0 0, L_0x5592488e5850;  1 drivers
v0x5592488cc380_0 .net *"_s244", 0 0, L_0x5592488e5910;  1 drivers
v0x5592488cc460_0 .net *"_s247", 0 0, L_0x5592488e5c60;  1 drivers
v0x5592488cc540_0 .net *"_s248", 0 0, L_0x5592488e5eb0;  1 drivers
v0x5592488cc620_0 .net *"_s25", 0 0, L_0x5592488dc7d0;  1 drivers
v0x5592488cc700_0 .net *"_s250", 0 0, L_0x5592488e5fc0;  1 drivers
v0x5592488cc7e0_0 .net *"_s253", 0 0, L_0x5592488e6320;  1 drivers
v0x5592488cc8c0_0 .net *"_s255", 0 0, L_0x5592488e6450;  1 drivers
v0x5592488cc9a0_0 .net *"_s256", 0 0, L_0x5592488e66b0;  1 drivers
v0x5592488cca80_0 .net *"_s259", 0 0, L_0x5592488e6770;  1 drivers
v0x5592488ccb60_0 .net *"_s26", 0 0, L_0x5592488dc8b0;  1 drivers
v0x5592488ccc40_0 .net *"_s260", 0 0, L_0x5592488e6810;  1 drivers
v0x5592488ccd20_0 .net *"_s262", 0 0, L_0x5592488e6b30;  1 drivers
v0x5592488cce00_0 .net *"_s265", 0 0, L_0x5592488e6c40;  1 drivers
v0x5592488ccee0_0 .net *"_s266", 0 0, L_0x5592488e6eb0;  1 drivers
v0x5592488ccfc0_0 .net *"_s268", 0 0, L_0x5592488e7230;  1 drivers
v0x5592488cd0a0_0 .net *"_s271", 0 0, L_0x5592488e7340;  1 drivers
v0x5592488cd180_0 .net *"_s273", 0 0, L_0x5592488e7470;  1 drivers
v0x5592488cd260_0 .net *"_s274", 0 0, L_0x5592488e76f0;  1 drivers
v0x5592488cd340_0 .net *"_s276", 0 0, L_0x5592488e79e0;  1 drivers
v0x5592488cd420_0 .net *"_s279", 0 0, L_0x5592488e7af0;  1 drivers
v0x5592488cd500_0 .net *"_s280", 0 0, L_0x5592488e7b90;  1 drivers
v0x5592488cd5e0_0 .net *"_s283", 0 0, L_0x5592488e7f30;  1 drivers
v0x5592488cd6c0_0 .net *"_s284", 0 0, L_0x5592488e81c0;  1 drivers
v0x5592488cd7a0_0 .net *"_s286", 0 0, L_0x5592488e82d0;  1 drivers
v0x5592488cd880_0 .net *"_s289", 0 0, L_0x5592488e8680;  1 drivers
v0x5592488cd960_0 .net *"_s29", 0 0, L_0x5592488dc9c0;  1 drivers
v0x5592488cda40_0 .net *"_s291", 0 0, L_0x5592488e87b0;  1 drivers
v0x5592488cdb20_0 .net *"_s292", 0 0, L_0x5592488e8a50;  1 drivers
v0x5592488cdc00_0 .net *"_s295", 0 0, L_0x5592488e8b10;  1 drivers
v0x5592488cdce0_0 .net *"_s296", 0 0, L_0x5592488e8bb0;  1 drivers
v0x5592488cddc0_0 .net *"_s299", 0 0, L_0x5592488e8f70;  1 drivers
v0x5592488cdea0_0 .net *"_s3", 0 0, L_0x5592488dbf50;  1 drivers
v0x5592488cdf80_0 .net *"_s30", 0 0, L_0x5592488dca60;  1 drivers
v0x5592488ce060_0 .net *"_s300", 0 0, L_0x5592488e9220;  1 drivers
v0x5592488ce140_0 .net *"_s302", 0 0, L_0x5592488e9330;  1 drivers
v0x5592488ce220_0 .net *"_s307", 0 0, L_0x5592488e9700;  1 drivers
v0x5592488ce300_0 .net *"_s309", 0 0, L_0x5592488e97a0;  1 drivers
v0x5592488ce3e0_0 .net *"_s310", 0 0, L_0x5592488e9a60;  1 drivers
v0x5592488ce4c0_0 .net *"_s312", 0 0, L_0x5592488e9b20;  1 drivers
v0x5592488ce5a0_0 .net *"_s315", 0 0, L_0x5592488e9f00;  1 drivers
v0x5592488ce680_0 .net *"_s316", 0 0, L_0x5592488e9fa0;  1 drivers
v0x5592488ce760_0 .net *"_s318", 0 0, L_0x5592488ea060;  1 drivers
v0x5592488ce840_0 .net *"_s32", 0 0, L_0x5592488dcb70;  1 drivers
v0x5592488ce920_0 .net *"_s321", 0 0, L_0x5592488ea450;  1 drivers
v0x5592488cea00_0 .net *"_s322", 0 0, L_0x5592488ea720;  1 drivers
v0x5592488ceae0_0 .net *"_s324", 0 0, L_0x5592488ea7e0;  1 drivers
v0x5592488cebc0_0 .net *"_s327", 0 0, L_0x5592488eabe0;  1 drivers
v0x5592488ceca0_0 .net *"_s329", 0 0, L_0x5592488eac80;  1 drivers
v0x5592488ced80_0 .net *"_s330", 0 0, L_0x5592488eaf60;  1 drivers
v0x5592488cee60_0 .net *"_s333", 0 0, L_0x5592488eb070;  1 drivers
v0x5592488cef40_0 .net *"_s334", 0 0, L_0x5592488eb110;  1 drivers
v0x5592488cf830_0 .net *"_s336", 0 0, L_0x5592488eb4d0;  1 drivers
v0x5592488cf910_0 .net *"_s339", 0 0, L_0x5592488eb5e0;  1 drivers
v0x5592488cf9f0_0 .net *"_s340", 0 0, L_0x5592488eb8d0;  1 drivers
v0x5592488cfad0_0 .net *"_s342", 0 0, L_0x5592488ebca0;  1 drivers
v0x5592488cfbb0_0 .net *"_s344", 0 0, L_0x5592488ebdb0;  1 drivers
v0x5592488cfc90_0 .net *"_s347", 0 0, L_0x5592488ec1e0;  1 drivers
v0x5592488cfd70_0 .net *"_s349", 0 0, L_0x5592488ec280;  1 drivers
v0x5592488cfe50_0 .net *"_s35", 0 0, L_0x5592488dcc80;  1 drivers
v0x5592488cff30_0 .net *"_s350", 0 0, L_0x5592488ec580;  1 drivers
v0x5592488d0010_0 .net *"_s352", 0 0, L_0x5592488ec640;  1 drivers
v0x5592488d00f0_0 .net *"_s355", 0 0, L_0x5592488eca80;  1 drivers
v0x5592488d01d0_0 .net *"_s356", 0 0, L_0x5592488ecb20;  1 drivers
v0x5592488d02b0_0 .net *"_s359", 0 0, L_0x5592488ecc30;  1 drivers
v0x5592488d0390_0 .net *"_s36", 0 0, L_0x5592488dce80;  1 drivers
v0x5592488d0470_0 .net *"_s360", 0 0, L_0x5592488ecf40;  1 drivers
v0x5592488d0550_0 .net *"_s362", 0 0, L_0x5592488ed340;  1 drivers
v0x5592488d0630_0 .net *"_s364", 0 0, L_0x5592488ed450;  1 drivers
v0x5592488d0710_0 .net *"_s367", 0 0, L_0x5592488ed8b0;  1 drivers
v0x5592488d07f0_0 .net *"_s369", 0 0, L_0x5592488ed950;  1 drivers
v0x5592488d08d0_0 .net *"_s370", 0 0, L_0x5592488edc70;  1 drivers
v0x5592488d09b0_0 .net *"_s373", 0 0, L_0x5592488edd80;  1 drivers
v0x5592488d0a90_0 .net *"_s374", 0 0, L_0x5592488ede20;  1 drivers
v0x5592488d0b70_0 .net *"_s377", 0 0, L_0x5592488ee290;  1 drivers
v0x5592488d0c50_0 .net *"_s378", 0 0, L_0x5592488ee5c0;  1 drivers
v0x5592488d0d30_0 .net *"_s38", 0 0, L_0x5592488dcfa0;  1 drivers
v0x5592488d0e10_0 .net *"_s380", 0 0, L_0x5592488ee680;  1 drivers
v0x5592488d0ef0_0 .net *"_s382", 0 0, L_0x5592488eeb00;  1 drivers
v0x5592488d0fd0_0 .net *"_s385", 0 0, L_0x5592488eec10;  1 drivers
v0x5592488d10b0_0 .net *"_s387", 0 0, L_0x5592488eecb0;  1 drivers
v0x5592488d1190_0 .net *"_s388", 0 0, L_0x5592488eeff0;  1 drivers
v0x5592488d1270_0 .net *"_s390", 0 0, L_0x5592488ef430;  1 drivers
v0x5592488d1350_0 .net *"_s393", 0 0, L_0x5592488ef540;  1 drivers
v0x5592488d1430_0 .net *"_s394", 0 0, L_0x5592488efdf0;  1 drivers
v0x5592488d1510_0 .net *"_s396", 0 0, L_0x5592488f0240;  1 drivers
v0x5592488d15f0_0 .net *"_s399", 0 0, L_0x5592488f0350;  1 drivers
v0x5592488d16d0_0 .net *"_s40", 0 0, L_0x5592488dd060;  1 drivers
v0x5592488d17b0_0 .net *"_s400", 0 0, L_0x5592488f06a0;  1 drivers
v0x5592488d1890_0 .net *"_s402", 0 0, L_0x5592488f0b50;  1 drivers
v0x5592488d1970_0 .net *"_s405", 0 0, L_0x5592488f0c60;  1 drivers
v0x5592488d1a50_0 .net *"_s407", 0 0, L_0x5592488f0d00;  1 drivers
v0x5592488d1b30_0 .net *"_s408", 0 0, L_0x5592488f1060;  1 drivers
v0x5592488d1c10_0 .net *"_s411", 0 0, L_0x5592488f1520;  1 drivers
v0x5592488d1cf0_0 .net *"_s412", 0 0, L_0x5592488f15c0;  1 drivers
v0x5592488d1dd0_0 .net *"_s414", 0 0, L_0x5592488f1680;  1 drivers
v0x5592488d1eb0_0 .net *"_s417", 0 0, L_0x5592488f1b50;  1 drivers
v0x5592488d1f90_0 .net *"_s418", 0 0, L_0x5592488f1ec0;  1 drivers
v0x5592488d2070_0 .net *"_s420", 0 0, L_0x5592488f1fd0;  1 drivers
v0x5592488d2150_0 .net *"_s423", 0 0, L_0x5592488f24b0;  1 drivers
v0x5592488d2230_0 .net *"_s425", 0 0, L_0x5592488f2550;  1 drivers
v0x5592488d2310_0 .net *"_s426", 0 0, L_0x5592488f28d0;  1 drivers
v0x5592488d23f0_0 .net *"_s428", 0 0, L_0x5592488f2990;  1 drivers
v0x5592488d24d0_0 .net *"_s43", 0 0, L_0x5592488dd1e0;  1 drivers
v0x5592488d25b0_0 .net *"_s431", 0 0, L_0x5592488f2e80;  1 drivers
v0x5592488d2690_0 .net *"_s432", 0 0, L_0x5592488f2f20;  1 drivers
v0x5592488d2770_0 .net *"_s435", 0 0, L_0x5592488f3030;  1 drivers
v0x5592488d2850_0 .net *"_s436", 0 0, L_0x5592488f33c0;  1 drivers
v0x5592488d2930_0 .net *"_s438", 0 0, L_0x5592488f38c0;  1 drivers
v0x5592488d2a10_0 .net *"_s441", 0 0, L_0x5592488f39d0;  1 drivers
v0x5592488d2af0_0 .net *"_s443", 0 0, L_0x5592488f3a70;  1 drivers
v0x5592488d2bd0_0 .net *"_s444", 0 0, L_0x5592488f3e10;  1 drivers
v0x5592488d2cb0_0 .net *"_s447", 0 0, L_0x5592488f4320;  1 drivers
v0x5592488d2d90_0 .net *"_s448", 0 0, L_0x5592488f43c0;  1 drivers
v0x5592488d2e70_0 .net *"_s45", 0 0, L_0x5592488dd280;  1 drivers
v0x5592488d2f50_0 .net *"_s451", 0 0, L_0x5592488f44d0;  1 drivers
v0x5592488d3030_0 .net *"_s452", 0 0, L_0x5592488f4880;  1 drivers
v0x5592488d3110_0 .net *"_s454", 0 0, L_0x5592488f4da0;  1 drivers
v0x5592488d31f0_0 .net *"_s46", 0 0, L_0x5592488dd380;  1 drivers
v0x5592488d32d0_0 .net *"_s460", 0 0, L_0x5592488f5040;  1 drivers
v0x5592488d33b0_0 .net *"_s462", 0 0, L_0x5592488f5400;  1 drivers
v0x5592488d3490_0 .net *"_s463", 0 0, L_0x5592488f54a0;  1 drivers
v0x5592488d3570_0 .net *"_s465", 0 0, L_0x5592488f5980;  1 drivers
v0x5592488d3650_0 .net *"_s468", 0 0, L_0x5592488f5a90;  1 drivers
v0x5592488d3730_0 .net *"_s469", 0 0, L_0x5592488f5e60;  1 drivers
v0x5592488d3810_0 .net *"_s471", 0 0, L_0x5592488f5560;  1 drivers
v0x5592488d38f0_0 .net *"_s474", 0 0, L_0x5592488f5670;  1 drivers
v0x5592488d39d0_0 .net *"_s475", 0 0, L_0x5592488f5710;  1 drivers
v0x5592488d3ab0_0 .net *"_s477", 0 0, L_0x5592488f57d0;  1 drivers
v0x5592488d3b90_0 .net *"_s48", 0 0, L_0x5592488dd3f0;  1 drivers
v0x5592488d3c70_0 .net *"_s480", 0 0, L_0x5592488f58e0;  1 drivers
v0x5592488d3d50_0 .net *"_s482", 0 0, L_0x5592488f66a0;  1 drivers
v0x5592488d3e30_0 .net *"_s483", 0 0, L_0x5592488f6740;  1 drivers
v0x5592488d3f10_0 .net *"_s486", 0 0, L_0x5592488f5f20;  1 drivers
v0x5592488d3ff0_0 .net *"_s487", 0 0, L_0x5592488f6ca0;  1 drivers
v0x5592488d40d0_0 .net *"_s489", 0 0, L_0x5592488f6d10;  1 drivers
v0x5592488d41b0_0 .net *"_s492", 0 0, L_0x5592488f6850;  1 drivers
v0x5592488d4290_0 .net *"_s493", 0 0, L_0x5592488f68f0;  1 drivers
v0x5592488d4370_0 .net *"_s495", 0 0, L_0x5592488f69b0;  1 drivers
v0x5592488d4450_0 .net *"_s497", 0 0, L_0x5592488f6ac0;  1 drivers
v0x5592488d4530_0 .net *"_s5", 0 0, L_0x5592488dbff0;  1 drivers
v0x5592488d4610_0 .net *"_s500", 0 0, L_0x5592488f6bd0;  1 drivers
v0x5592488d46f0_0 .net *"_s502", 0 0, L_0x5592488f75f0;  1 drivers
v0x5592488d47d0_0 .net *"_s503", 0 0, L_0x5592488f7690;  1 drivers
v0x5592488d48b0_0 .net *"_s505", 0 0, L_0x5592488f6e20;  1 drivers
v0x5592488d4990_0 .net *"_s508", 0 0, L_0x5592488f6f30;  1 drivers
v0x5592488d4a70_0 .net *"_s509", 0 0, L_0x5592488f6fd0;  1 drivers
v0x5592488d4b50_0 .net *"_s51", 0 0, L_0x5592488dd580;  1 drivers
v0x5592488d4c30_0 .net *"_s512", 0 0, L_0x5592488f70e0;  1 drivers
v0x5592488d4d10_0 .net *"_s513", 0 0, L_0x5592488f7180;  1 drivers
v0x5592488d4df0_0 .net *"_s515", 0 0, L_0x5592488f7750;  1 drivers
v0x5592488d4ed0_0 .net *"_s517", 0 0, L_0x5592488f7810;  1 drivers
v0x5592488d4fb0_0 .net *"_s52", 0 0, L_0x5592488dd170;  1 drivers
v0x5592488d5090_0 .net *"_s520", 0 0, L_0x5592488f7920;  1 drivers
v0x5592488d5170_0 .net *"_s522", 0 0, L_0x5592488f79c0;  1 drivers
v0x5592488d5250_0 .net *"_s523", 0 0, L_0x5592488f7a60;  1 drivers
v0x5592488d5330_0 .net *"_s526", 0 0, L_0x5592488f7f40;  1 drivers
v0x5592488d5410_0 .net *"_s527", 0 0, L_0x5592488f8370;  1 drivers
v0x5592488d54f0_0 .net *"_s530", 0 0, L_0x5592488f8c60;  1 drivers
v0x5592488d55d0_0 .net *"_s531", 0 0, L_0x5592488f8d00;  1 drivers
v0x5592488d56b0_0 .net *"_s533", 0 0, L_0x5592488f8760;  1 drivers
v0x5592488d5790_0 .net *"_s535", 0 0, L_0x5592488f8870;  1 drivers
v0x5592488d5870_0 .net *"_s538", 0 0, L_0x5592488f8980;  1 drivers
v0x5592488d5950_0 .net *"_s540", 0 0, L_0x5592488f8a20;  1 drivers
v0x5592488d5a30_0 .net *"_s541", 0 0, L_0x5592488f8ac0;  1 drivers
v0x5592488d5b10_0 .net *"_s543", 0 0, L_0x5592488f8b80;  1 drivers
v0x5592488d5bf0_0 .net *"_s546", 0 0, L_0x5592488f8dc0;  1 drivers
v0x5592488d5cd0_0 .net *"_s547", 0 0, L_0x5592488f9210;  1 drivers
v0x5592488d5db0_0 .net *"_s549", 0 0, L_0x5592488f9c00;  1 drivers
v0x5592488d5e90_0 .net *"_s55", 0 0, L_0x5592488dd6c0;  1 drivers
v0x5592488d5f70_0 .net *"_s552", 0 0, L_0x5592488f96d0;  1 drivers
v0x5592488d6050_0 .net *"_s553", 0 0, L_0x5592488f9770;  1 drivers
v0x5592488d6130_0 .net *"_s555", 0 0, L_0x5592488f9880;  1 drivers
v0x5592488d6210_0 .net *"_s558", 0 0, L_0x5592488f9990;  1 drivers
v0x5592488d62f0_0 .net *"_s56", 0 0, L_0x5592488dd7d0;  1 drivers
v0x5592488d63d0_0 .net *"_s560", 0 0, L_0x5592488f9a30;  1 drivers
v0x5592488d64b0_0 .net *"_s561", 0 0, L_0x5592488f9ad0;  1 drivers
v0x5592488d6590_0 .net *"_s564", 0 0, L_0x5592488fa620;  1 drivers
v0x5592488d6670_0 .net *"_s565", 0 0, L_0x5592488faa90;  1 drivers
v0x5592488d6750_0 .net *"_s567", 0 0, L_0x5592488f9d10;  1 drivers
v0x5592488cf020_0 .net *"_s570", 0 0, L_0x5592488f9e20;  1 drivers
v0x5592488cf100_0 .net *"_s571", 0 0, L_0x5592488f9ec0;  1 drivers
v0x5592488cf1e0_0 .net *"_s573", 0 0, L_0x5592488f9fd0;  1 drivers
v0x5592488cf2c0_0 .net *"_s576", 0 0, L_0x5592488fa0e0;  1 drivers
v0x5592488cf3a0_0 .net *"_s578", 0 0, L_0x5592488fb450;  1 drivers
v0x5592488cf480_0 .net *"_s579", 0 0, L_0x5592488fa180;  1 drivers
v0x5592488cf560_0 .net *"_s58", 0 0, L_0x5592488dd920;  1 drivers
v0x5592488cf640_0 .net *"_s581", 0 0, L_0x5592488fab50;  1 drivers
v0x5592488cf720_0 .net *"_s584", 0 0, L_0x5592488fac60;  1 drivers
v0x5592488d7820_0 .net *"_s585", 0 0, L_0x5592488fad00;  1 drivers
v0x5592488d7900_0 .net *"_s588", 0 0, L_0x5592488fae10;  1 drivers
v0x5592488d79e0_0 .net *"_s589", 0 0, L_0x5592488faeb0;  1 drivers
v0x5592488d7ac0_0 .net *"_s591", 0 0, L_0x5592488fafc0;  1 drivers
v0x5592488d7ba0_0 .net *"_s594", 0 0, L_0x5592488fb5e0;  1 drivers
v0x5592488d7c80_0 .net *"_s596", 0 0, L_0x5592488fb680;  1 drivers
v0x5592488d7d60_0 .net *"_s597", 0 0, L_0x5592488fb720;  1 drivers
v0x5592488d7e40_0 .net *"_s6", 0 0, L_0x5592488dc090;  1 drivers
v0x5592488d7f20_0 .net *"_s60", 0 0, L_0x5592488dda30;  1 drivers
v0x5592488d8000_0 .net *"_s600", 0 0, L_0x5592488fb830;  1 drivers
v0x5592488d80e0_0 .net *"_s601", 0 0, L_0x5592488fb8d0;  1 drivers
v0x5592488d81c0_0 .net *"_s604", 0 0, L_0x5592488fbe60;  1 drivers
v0x5592488d82a0_0 .net *"_s605", 0 0, L_0x5592488fbf00;  1 drivers
v0x5592488d8380_0 .net *"_s607", 0 0, L_0x5592488fc010;  1 drivers
v0x5592488d8460_0 .net *"_s63", 0 0, L_0x5592488ddbe0;  1 drivers
v0x5592488d8540_0 .net *"_s65", 0 0, L_0x5592488ddc80;  1 drivers
v0x5592488d8620_0 .net *"_s66", 0 0, L_0x5592488dd760;  1 drivers
v0x5592488d8700_0 .net *"_s69", 0 0, L_0x5592488dde40;  1 drivers
v0x5592488d87e0_0 .net *"_s70", 0 0, L_0x5592488ddee0;  1 drivers
v0x5592488d88c0_0 .net *"_s73", 0 0, L_0x5592488ddb40;  1 drivers
v0x5592488d89a0_0 .net *"_s74", 0 0, L_0x5592488de130;  1 drivers
v0x5592488d8a80_0 .net *"_s76", 0 0, L_0x5592488de1f0;  1 drivers
v0x5592488d8b60_0 .net *"_s78", 0 0, L_0x5592488de3c0;  1 drivers
v0x5592488d8c40_0 .net *"_s8", 0 0, L_0x5592488dc150;  1 drivers
v0x5592488d8d20_0 .net *"_s81", 0 0, L_0x5592488de4d0;  1 drivers
v0x5592488d8e00_0 .net *"_s83", 0 0, L_0x5592488de570;  1 drivers
v0x5592488d8ee0_0 .net *"_s84", 0 0, L_0x5592488de6b0;  1 drivers
v0x5592488d8fc0_0 .net *"_s86", 0 0, L_0x5592488de840;  1 drivers
v0x5592488d90a0_0 .net *"_s89", 0 0, L_0x5592488de950;  1 drivers
v0x5592488d9180_0 .net *"_s90", 0 0, L_0x5592488de9f0;  1 drivers
v0x5592488d9260_0 .net *"_s92", 0 0, L_0x5592488deb90;  1 drivers
v0x5592488d9340_0 .net *"_s95", 0 0, L_0x5592488deca0;  1 drivers
v0x5592488d9420_0 .net *"_s96", 0 0, L_0x5592488dedf0;  1 drivers
v0x5592488d9500_0 .net *"_s98", 0 0, L_0x5592488deff0;  1 drivers
v0x5592488d95e0_0 .net "i0", 3 0, L_0x55924885de80;  alias, 1 drivers
v0x5592488d96c0_0 .net "i1", 3 0, L_0x55924885df50;  alias, 1 drivers
v0x5592488d97a0_0 .net "i2", 3 0, L_0x5592488db740;  alias, 1 drivers
v0x5592488d9880_0 .net "i3", 3 0, L_0x5592488db950;  alias, 1 drivers
v0x5592488d9960_0 .net "i4", 3 0, L_0x5592488db9f0;  alias, 1 drivers
v0x5592488d9a40_0 .net "i5", 3 0, L_0x5592488dba90;  alias, 1 drivers
v0x5592488d9b20_0 .net "i6", 3 0, L_0x5592488dbd30;  alias, 1 drivers
v0x5592488d9c00_0 .net "i7", 3 0, L_0x5592488db7e0;  alias, 1 drivers
v0x5592488d9ce0_0 .net "s", 2 0, v0x5592488db3e0_0;  alias, 1 drivers
v0x5592488d9dc0_0 .net "y", 3 0, L_0x5592488f4eb0;  alias, 1 drivers
L_0x5592488dbf50 .part L_0x55924885de80, 3, 1;
L_0x5592488dbff0 .part v0x5592488db3e0_0, 0, 1;
L_0x5592488dc260 .part v0x5592488db3e0_0, 1, 1;
L_0x5592488dc480 .part v0x5592488db3e0_0, 2, 1;
L_0x5592488dc730 .part L_0x55924885df50, 3, 1;
L_0x5592488dc7d0 .part v0x5592488db3e0_0, 0, 1;
L_0x5592488dc9c0 .part v0x5592488db3e0_0, 1, 1;
L_0x5592488dcc80 .part v0x5592488db3e0_0, 2, 1;
L_0x5592488dd1e0 .part L_0x5592488db740, 3, 1;
L_0x5592488dd280 .part v0x5592488db3e0_0, 0, 1;
L_0x5592488dd580 .part v0x5592488db3e0_0, 1, 1;
L_0x5592488dd6c0 .part v0x5592488db3e0_0, 2, 1;
L_0x5592488ddbe0 .part L_0x5592488db950, 3, 1;
L_0x5592488ddc80 .part v0x5592488db3e0_0, 0, 1;
L_0x5592488dde40 .part v0x5592488db3e0_0, 1, 1;
L_0x5592488ddb40 .part v0x5592488db3e0_0, 2, 1;
L_0x5592488de4d0 .part L_0x5592488db9f0, 3, 1;
L_0x5592488de570 .part v0x5592488db3e0_0, 0, 1;
L_0x5592488de950 .part v0x5592488db3e0_0, 1, 1;
L_0x5592488deca0 .part v0x5592488db3e0_0, 2, 1;
L_0x5592488de610 .part L_0x5592488dba90, 3, 1;
L_0x5592488df100 .part v0x5592488db3e0_0, 0, 1;
L_0x5592488df470 .part v0x5592488db3e0_0, 1, 1;
L_0x5592488df7f0 .part v0x5592488db3e0_0, 2, 1;
L_0x5592488dfca0 .part L_0x5592488dbd30, 3, 1;
L_0x5592488dfd40 .part v0x5592488db3e0_0, 0, 1;
L_0x5592488dfb80 .part v0x5592488db3e0_0, 1, 1;
L_0x5592488e0260 .part v0x5592488db3e0_0, 2, 1;
L_0x5592488e0750 .part L_0x5592488db7e0, 3, 1;
L_0x5592488e07f0 .part v0x5592488db3e0_0, 0, 1;
L_0x5592488e0bf0 .part v0x5592488db3e0_0, 1, 1;
L_0x5592488e0da0 .part v0x5592488db3e0_0, 2, 1;
L_0x5592488e12d0 .part L_0x55924885de80, 2, 1;
L_0x5592488e1370 .part v0x5592488db3e0_0, 0, 1;
L_0x5592488e1820 .part v0x5592488db3e0_0, 1, 1;
L_0x5592488e1c10 .part v0x5592488db3e0_0, 2, 1;
L_0x5592488e2030 .part L_0x55924885df50, 2, 1;
L_0x5592488e20d0 .part v0x5592488db3e0_0, 0, 1;
L_0x5592488e2510 .part v0x5592488db3e0_0, 1, 1;
L_0x5592488e2930 .part v0x5592488db3e0_0, 2, 1;
L_0x5592488e2fc0 .part L_0x5592488db740, 2, 1;
L_0x5592488e3060 .part v0x5592488db3e0_0, 0, 1;
L_0x5592488e35b0 .part v0x5592488db3e0_0, 1, 1;
L_0x5592488e3940 .part v0x5592488db3e0_0, 2, 1;
L_0x5592488e4020 .part L_0x5592488db950, 2, 1;
L_0x5592488e40c0 .part v0x5592488db3e0_0, 0, 1;
L_0x5592488e45a0 .part v0x5592488db3e0_0, 1, 1;
L_0x5592488e4750 .part v0x5592488db3e0_0, 2, 1;
L_0x5592488e5090 .part L_0x5592488db9f0, 2, 1;
L_0x5592488e51c0 .part v0x5592488db3e0_0, 0, 1;
L_0x5592488e57b0 .part v0x5592488db3e0_0, 1, 1;
L_0x5592488e5c60 .part v0x5592488db3e0_0, 2, 1;
L_0x5592488e6320 .part L_0x5592488dba90, 2, 1;
L_0x5592488e6450 .part v0x5592488db3e0_0, 0, 1;
L_0x5592488e6770 .part v0x5592488db3e0_0, 1, 1;
L_0x5592488e6c40 .part v0x5592488db3e0_0, 2, 1;
L_0x5592488e7340 .part L_0x5592488dbd30, 2, 1;
L_0x5592488e7470 .part v0x5592488db3e0_0, 0, 1;
L_0x5592488e7af0 .part v0x5592488db3e0_0, 1, 1;
L_0x5592488e7f30 .part v0x5592488db3e0_0, 2, 1;
L_0x5592488e8680 .part L_0x5592488db7e0, 2, 1;
L_0x5592488e87b0 .part v0x5592488db3e0_0, 0, 1;
L_0x5592488e8b10 .part v0x5592488db3e0_0, 1, 1;
L_0x5592488e8f70 .part v0x5592488db3e0_0, 2, 1;
L_0x5592488e9700 .part L_0x55924885de80, 1, 1;
L_0x5592488e97a0 .part v0x5592488db3e0_0, 0, 1;
L_0x5592488e9f00 .part v0x5592488db3e0_0, 1, 1;
L_0x5592488ea450 .part v0x5592488db3e0_0, 2, 1;
L_0x5592488eabe0 .part L_0x55924885df50, 1, 1;
L_0x5592488eac80 .part v0x5592488db3e0_0, 0, 1;
L_0x5592488eb070 .part v0x5592488db3e0_0, 1, 1;
L_0x5592488eb5e0 .part v0x5592488db3e0_0, 2, 1;
L_0x5592488ec1e0 .part L_0x5592488db740, 1, 1;
L_0x5592488ec280 .part v0x5592488db3e0_0, 0, 1;
L_0x5592488eca80 .part v0x5592488db3e0_0, 1, 1;
L_0x5592488ecc30 .part v0x5592488db3e0_0, 2, 1;
L_0x5592488ed8b0 .part L_0x5592488db950, 1, 1;
L_0x5592488ed950 .part v0x5592488db3e0_0, 0, 1;
L_0x5592488edd80 .part v0x5592488db3e0_0, 1, 1;
L_0x5592488ee290 .part v0x5592488db3e0_0, 2, 1;
L_0x5592488eec10 .part L_0x5592488db9f0, 1, 1;
L_0x5592488eecb0 .part v0x5592488db3e0_0, 0, 1;
L_0x5592488ef540 .part v0x5592488db3e0_0, 1, 1;
L_0x5592488f0350 .part v0x5592488db3e0_0, 2, 1;
L_0x5592488f0c60 .part L_0x5592488dba90, 1, 1;
L_0x5592488f0d00 .part v0x5592488db3e0_0, 0, 1;
L_0x5592488f1520 .part v0x5592488db3e0_0, 1, 1;
L_0x5592488f1b50 .part v0x5592488db3e0_0, 2, 1;
L_0x5592488f24b0 .part L_0x5592488dbd30, 1, 1;
L_0x5592488f2550 .part v0x5592488db3e0_0, 0, 1;
L_0x5592488f2e80 .part v0x5592488db3e0_0, 1, 1;
L_0x5592488f3030 .part v0x5592488db3e0_0, 2, 1;
L_0x5592488f39d0 .part L_0x5592488db7e0, 1, 1;
L_0x5592488f3a70 .part v0x5592488db3e0_0, 0, 1;
L_0x5592488f4320 .part v0x5592488db3e0_0, 1, 1;
L_0x5592488f44d0 .part v0x5592488db3e0_0, 2, 1;
L_0x5592488f4eb0 .concat8 [ 1 1 1 1], L_0x5592488fc010, L_0x5592488f4da0, L_0x5592488e9330, L_0x5592488e11c0;
L_0x5592488f5040 .part L_0x55924885de80, 0, 1;
L_0x5592488f5400 .part v0x5592488db3e0_0, 0, 1;
L_0x5592488f5a90 .part v0x5592488db3e0_0, 1, 1;
L_0x5592488f5670 .part v0x5592488db3e0_0, 2, 1;
L_0x5592488f58e0 .part L_0x55924885df50, 0, 1;
L_0x5592488f66a0 .part v0x5592488db3e0_0, 0, 1;
L_0x5592488f5f20 .part v0x5592488db3e0_0, 1, 1;
L_0x5592488f6850 .part v0x5592488db3e0_0, 2, 1;
L_0x5592488f6bd0 .part L_0x5592488db740, 0, 1;
L_0x5592488f75f0 .part v0x5592488db3e0_0, 0, 1;
L_0x5592488f6f30 .part v0x5592488db3e0_0, 1, 1;
L_0x5592488f70e0 .part v0x5592488db3e0_0, 2, 1;
L_0x5592488f7920 .part L_0x5592488db950, 0, 1;
L_0x5592488f79c0 .part v0x5592488db3e0_0, 0, 1;
L_0x5592488f7f40 .part v0x5592488db3e0_0, 1, 1;
L_0x5592488f8c60 .part v0x5592488db3e0_0, 2, 1;
L_0x5592488f8980 .part L_0x5592488db9f0, 0, 1;
L_0x5592488f8a20 .part v0x5592488db3e0_0, 0, 1;
L_0x5592488f8dc0 .part v0x5592488db3e0_0, 1, 1;
L_0x5592488f96d0 .part v0x5592488db3e0_0, 2, 1;
L_0x5592488f9990 .part L_0x5592488dba90, 0, 1;
L_0x5592488f9a30 .part v0x5592488db3e0_0, 0, 1;
L_0x5592488fa620 .part v0x5592488db3e0_0, 1, 1;
L_0x5592488f9e20 .part v0x5592488db3e0_0, 2, 1;
L_0x5592488fa0e0 .part L_0x5592488dbd30, 0, 1;
L_0x5592488fb450 .part v0x5592488db3e0_0, 0, 1;
L_0x5592488fac60 .part v0x5592488db3e0_0, 1, 1;
L_0x5592488fae10 .part v0x5592488db3e0_0, 2, 1;
L_0x5592488fb5e0 .part L_0x5592488db7e0, 0, 1;
L_0x5592488fb680 .part v0x5592488db3e0_0, 0, 1;
L_0x5592488fb830 .part v0x5592488db3e0_0, 1, 1;
L_0x5592488fbe60 .part v0x5592488db3e0_0, 2, 1;
    .scope S_0x55924883b2d0;
T_0 ;
    %pushi/vec4 1, 0, 4;
    %store/vec4 v0x5592488db130_0, 0, 4;
    %pushi/vec4 2, 0, 4;
    %store/vec4 v0x5592488db210_0, 0, 4;
    %pushi/vec4 0, 0, 3;
    %store/vec4 v0x5592488db3e0_0, 0, 3;
    %delay 1, 0;
    %pushi/vec4 1, 0, 4;
    %store/vec4 v0x5592488db130_0, 0, 4;
    %pushi/vec4 2, 0, 4;
    %store/vec4 v0x5592488db210_0, 0, 4;
    %pushi/vec4 1, 0, 3;
    %store/vec4 v0x5592488db3e0_0, 0, 3;
    %delay 1, 0;
    %pushi/vec4 1, 0, 4;
    %store/vec4 v0x5592488db130_0, 0, 4;
    %pushi/vec4 2, 0, 4;
    %store/vec4 v0x5592488db210_0, 0, 4;
    %pushi/vec4 2, 0, 3;
    %store/vec4 v0x5592488db3e0_0, 0, 3;
    %delay 1, 0;
    %pushi/vec4 1, 0, 4;
    %store/vec4 v0x5592488db130_0, 0, 4;
    %pushi/vec4 2, 0, 4;
    %store/vec4 v0x5592488db210_0, 0, 4;
    %pushi/vec4 3, 0, 3;
    %store/vec4 v0x5592488db3e0_0, 0, 3;
    %delay 1, 0;
    %pushi/vec4 1, 0, 4;
    %store/vec4 v0x5592488db130_0, 0, 4;
    %pushi/vec4 2, 0, 4;
    %store/vec4 v0x5592488db210_0, 0, 4;
    %pushi/vec4 4, 0, 3;
    %store/vec4 v0x5592488db3e0_0, 0, 3;
    %delay 1, 0;
    %pushi/vec4 4, 0, 4;
    %store/vec4 v0x5592488db130_0, 0, 4;
    %pushi/vec4 2, 0, 4;
    %store/vec4 v0x5592488db210_0, 0, 4;
    %pushi/vec4 5, 0, 3;
    %store/vec4 v0x5592488db3e0_0, 0, 3;
    %delay 1, 0;
    %pushi/vec4 3, 0, 4;
    %store/vec4 v0x5592488db130_0, 0, 4;
    %pushi/vec4 2, 0, 4;
    %store/vec4 v0x5592488db210_0, 0, 4;
    %pushi/vec4 6, 0, 3;
    %store/vec4 v0x5592488db3e0_0, 0, 3;
    %delay 1, 0;
    %pushi/vec4 2, 0, 4;
    %store/vec4 v0x5592488db130_0, 0, 4;
    %pushi/vec4 2, 0, 4;
    %store/vec4 v0x5592488db210_0, 0, 4;
    %pushi/vec4 7, 0, 3;
    %store/vec4 v0x5592488db3e0_0, 0, 3;
    %delay 1, 0;
    %end;
    .thread T_0;
    .scope S_0x55924883b2d0;
T_1 ;
    %vpi_call 2 33 "$dumpfile", "alu_tb.vcd" {0 0 0};
    %vpi_call 2 34 "$dumpvars", 32'sb00000000000000000000000000000000, S_0x55924883b2d0 {0 0 0};
    %end;
    .thread T_1;
# The file index is used to find the file name in the following table.
:file_names 5;
    "N/A";
    "<interactive>";
    "alu_tb.v";
    "./alu.v";
    "./mux_8_1.v";
